Virtual User Script started at: 27.11.2019 0:05:18
Starting action vuser_init.
Web Turbo Replay of LoadRunner 12.60.0 for Windows 10; build 971 (рту 09 2018 11:27:13)  	[MsgId: MMSG-26983]
Run mode: HTML  	[MsgId: MMSG-26993]
Replay user agent: Mozilla/5.0 (Windows NT 10.0; WOW64; Trident/7.0; rv:11.0) like Gecko  	[MsgId: MMSG-26988]
Runtime Settings file: "D:\projects\VuGen\Scripts\YP01_AllQ\\default.cfg"  	[MsgId: MMSG-27141]
Vuser directory: "D:\projects\VuGen\Scripts\YP01_AllQ"  	[MsgId: MMSG-27052]
Vuser output directory: "D:\projects\VuGen\Scripts\YP01_AllQ"  	[MsgId: MMSG-27050]
Operating system's current working directory: "d:\projects\vugen\scripts\yp01_allq"  	[MsgId: MMSG-27048]
UTC (GMT) start date/time   : 2019-11-26 21:05:18  	[MsgId: MMSG-26992]
LOCAL start date/time       : 2019-11-27 00:05:18  	[MsgId: MMSG-26991]
Local daylight-Savings-Time : No  	[MsgId: MMSG-26990]
Some of the Runtime Settings:  	[MsgId: MMSG-27142]
    Download non-HTML resources: Yes  	[MsgId: MMSG-27018]
    Verification checks: No  	[MsgId: MMSG-27017]
    Convert from/to UTF-8: No  	[MsgId: MMSG-27016]
    Simulate a new user each iteration: Yes  	[MsgId: MMSG-27009]
    Non-critical item errors as warnings: Yes  	[MsgId: MMSG-27008]
    HTTP errors as warnings: No  	[MsgId: MMSG-27007]
    WinInet replay instead of Sockets: No  	[MsgId: MMSG-27006]
    HTTP version: 1.1  	[MsgId: MMSG-27005]
    Keep-Alive HTTP connections: Yes  	[MsgId: MMSG-27004]
    Max self Meta refresh updates: 2  	[MsgId: MMSG-27003]
    No proxy is used (direct connection to the Internet)  	[MsgId: MMSG-27171]
    DNS caching: No  	[MsgId: MMSG-27035]
    Simulate browser cache: Yes  	[MsgId: MMSG-27034]
        Cache URLs requiring content (e.g., HTMLs): Yes  	[MsgId: MMSG-27033]
            Additional URLs requiring content: text/xml;text/plain  	[MsgId: MMSG-27032]
        Check for newer versions every visit to the page: No  	[MsgId: MMSG-27031]
    Page download timeout (sec): 120  	[MsgId: MMSG-27030]
    Resource Page Timeout is a Warning: No  	[MsgId: MMSG-27029]
    ContentCheck enabled: Yes  	[MsgId: MMSG-27028]
    ContentCheck script-level file: "D:\projects\VuGen\Scripts\YP01_AllQ\LrwiAedScript.xml"  	[MsgId: MMSG-27027]
    Enable Web Page Breakdown: No  	[MsgId: MMSG-27026]
    Enable connection data points: Yes  	[MsgId: MMSG-27023]
    Process socket after reschedule: Yes  	[MsgId: MMSG-27022]
    Snapshot on error: No  	[MsgId: MMSG-27021]
    Define each step as a transaction: No  	[MsgId: MMSG-27020]
    Read beyond Content-Length: No  	[MsgId: MMSG-26994]
    Parse HTML Content-Type: TEXT  	[MsgId: MMSG-26999]
    Graph hits per second and HTTP status codes: Yes  	[MsgId: MMSG-26998]
    Graph response bytes per second: Yes  	[MsgId: MMSG-26997]
    Graph pages per second: No  	[MsgId: MMSG-26996]
    Web recorder version ID: 10  	[MsgId: MMSG-26995]
Ending action vuser_init.
Running Vuser...
Starting iteration 1.
Maximum number of concurrent connections per server: 6  	[MsgId: MMSG-26989]
Starting action Action.
Action.c(8): web_reg_find started  	[MsgId: MMSG-26355]
Action.c(8): Registering web_reg_find was successful  	[MsgId: MMSG-26390]
Action.c(11): web_url("test.youplace.net") started  	[MsgId: MMSG-26355]
Action.c(11): t=183ms: Connecting [0] to host 185.204.3.165:80  	[MsgId: MMSG-26000]
Action.c(11): t=206ms: Connected socket [0] from 192.168.0.104:40305 to 185.204.3.165:80 in 23 ms  	[MsgId: MMSG-26000]
Action.c(11): t=206ms: 219-byte request headers for "http://test.youplace.net/" (RelFrameId=1, Internal ID=1)
Action.c(11):     GET / HTTP/1.1\r\n
Action.c(11):     User-Agent: Mozilla/5.0 (Windows NT 10.0; WOW64; Trident/7.0; rv:11.0) like Gecko\r\n
Action.c(11):     Accept-Encoding: gzip, deflate\r\n
Action.c(11):     Accept-Language: ru-RU\r\n
Action.c(11):     Accept: */*\r\n
Action.c(11):     Connection: Keep-Alive\r\n
Action.c(11):     Host: test.youplace.net\r\n
Action.c(11):     \r\n
Action.c(11): t=247ms: 248-byte response headers for "http://test.youplace.net/" (RelFrameId=1, Internal ID=1)
Action.c(11):     HTTP/1.1 200 OK\r\n
Action.c(11):     Server: nginx\r\n
Action.c(11):     Date: Tue, 26 Nov 2019 21:05:17 GMT\r\n
Action.c(11):     Content-Type: text/html; charset=utf-8\r\n
Action.c(11):     Content-Length: 1375\r\n
Action.c(11):     Connection: keep-alive\r\n
Action.c(11):     Set-Cookie: SID=6KXDb0clbmnCqkXmJ4FMurH1Angyl9Pi; Max-Age=3600; HttpOnly; SameSite=Strict\r
Action.c(11):     \n
Action.c(11):     \r\n
Action.c(11): t=254ms: 1375-byte response body for "http://test.youplace.net/" (RelFrameId=1, Internal ID=1)
Action.c(11):     \n
Action.c(11):     <!DOCTYPE html>\n
Action.c(11):     <html lang="en">\n
Action.c(11):     <head>\n
Action.c(11):         <meta charset="UTF-8">\n
Action.c(11):         <meta name="viewport" content="width=device-width, initial-scale=1.0">\n
Action.c(11):         <meta http-equiv="X-UA-Compatible" content="ie=edge">\n
Action.c(11):         <title>New Test</title>\n
Action.c(11):         <style>\n
Action.c(11):             html {\n
Action.c(11):                 font-family: -apple-system, BlinkMacSystemFont, 'Segoe UI', Roboto, Oxygen, Ub
Action.c(11):     untu, Cantarell, 'Open Sans', 'Helvetica Neue', sans-serif;\n
Action.c(11):             }\n
Action.c(11):             button {\n
Action.c(11):                 padding: 5px 20px;\n
Action.c(11):             }\n
Action.c(11):             h1 {\n
Action.c(11):                 font-size: 2.4em;\n
Action.c(11):             }\n
Action.c(11):             h2 {\n
Action.c(11):                 font-size: 1.8em;\n
Action.c(11):             }\n
Action.c(11):             h3 {\n
Action.c(11):                 font-size: 1.2em;\n
Action.c(11):                 padding: 1em 2em;\n
Action.c(11):                 border: 1px solid brown;\n
Action.c(11):                 color: brown;\n
Action.c(11):                 background-color: rgb(238, 201, 201);\n
Action.c(11):             }\n
Action.c(11):         </style>\n
Action.c(11):     </head>\n
Action.c(11):     <body>\n
Action.c(11):     <h1>New Test</h1><hr>\n
Action.c(11):     \n
Action.c(11):     <p>You should take all questions using rules within each question. Rules are the same for 
Action.c(11):     all questions.</p>\n
Action.c(11):     <p>Test is considered as succeessful if you see "<b>Test successfully passed</b>" text at 
Action.c(11):     the end.</p>\n
Action.c(11):     <p>Please note this is not a performance server. Please use this host (test.youplace.net) 
Action.c(11):     for scripting and validation purposes only.</p>\n
Action.c(11):     <p>All HTTP requests will be automatically rejected with HTTP-503 error if the rate exceed
Action.c(11):     s 10 requests per second.</p>\n
Action.c(11):     <br>\n
Action.c(11):     <a href="/question/1"><button>Start test</button></a>\n
Action.c(11):     \n
Action.c(11):     </body>\n
Action.c(11):     </html>\n
Action.c(11):     \n
Action.c(11):     \n
Action.c(11): t=257ms: Request done "http://test.youplace.net/"  	[MsgId: MMSG-26000]
Action.c(11): Registered web_reg_find successful for "Text=New Test" (count=2)  	[MsgId: MMSG-26364]
Action.c(11): web_url("test.youplace.net") was successful, 1375 body bytes, 248 header bytes  	[MsgId: MMSG-26386]
Action.c(20): web_reg_find started  	[MsgId: MMSG-26355]
Action.c(20): Registering web_reg_find was successful  	[MsgId: MMSG-26390]
Action.c(23): web_reg_save_param started  	[MsgId: MMSG-26355]
Action.c(23): Registering web_reg_save_param was successful  	[MsgId: MMSG-26390]
Action.c(30): web_link("Start test") started  	[MsgId: MMSG-26355]
Action.c(30): Linking to "http://test.youplace.net/question/1", Target Frame=""  	[MsgId: MMSG-27994]
Action.c(30): t=2827ms: Already connected [0] to test.youplace.net:80  	[MsgId: MMSG-26000]
Action.c(30): t=2827ms: 311-byte request headers for "http://test.youplace.net/question/1" (RelFrameId=1, Internal ID=2)
Action.c(30):     GET /question/1 HTTP/1.1\r\n
Action.c(30):     Referer: http://test.youplace.net/\r\n
Action.c(30):     User-Agent: Mozilla/5.0 (Windows NT 10.0; WOW64; Trident/7.0; rv:11.0) like Gecko\r\n
Action.c(30):     Accept-Encoding: gzip, deflate\r\n
Action.c(30):     Accept-Language: ru-RU\r\n
Action.c(30):     Accept: */*\r\n
Action.c(30):     Connection: Keep-Alive\r\n
Action.c(30):     Host: test.youplace.net\r\n
Action.c(30):     Cookie: SID=6KXDb0clbmnCqkXmJ4FMurH1Angyl9Pi\r\n
Action.c(30):     \r\n
Action.c(30): t=2846ms: 157-byte response headers for "http://test.youplace.net/question/1" (RelFrameId=1, Internal ID=2)
Action.c(30):     HTTP/1.1 200 OK\r\n
Action.c(30):     Server: nginx\r\n
Action.c(30):     Date: Tue, 26 Nov 2019 21:05:19 GMT\r\n
Action.c(30):     Content-Type: text/html; charset=utf-8\r\n
Action.c(30):     Content-Length: 1889\r\n
Action.c(30):     Connection: keep-alive\r\n
Action.c(30):     \r\n
Action.c(30): t=2847ms: 1889-byte response body for "http://test.youplace.net/question/1" (RelFrameId=1, Internal ID=2)
Action.c(30):     \n
Action.c(30):     <!DOCTYPE html>\n
Action.c(30):     <html lang="en">\n
Action.c(30):     <head>\n
Action.c(30):         <meta charset="UTF-8">\n
Action.c(30):         <meta name="viewport" content="width=device-width, initial-scale=1.0">\n
Action.c(30):         <meta http-equiv="X-UA-Compatible" content="ie=edge">\n
Action.c(30):         <title>Question 1</title>\n
Action.c(30):         <style>\n
Action.c(30):             html {\n
Action.c(30):                 font-family: -apple-system, BlinkMacSystemFont, 'Segoe UI', Roboto, Oxygen, Ub
Action.c(30):     untu, Cantarell, 'Open Sans', 'Helvetica Neue', sans-serif;\n
Action.c(30):             }\n
Action.c(30):             button {\n
Action.c(30):                 padding: 5px 20px;\n
Action.c(30):             }\n
Action.c(30):             h1 {\n
Action.c(30):                 font-size: 2.4em;\n
Action.c(30):             }\n
Action.c(30):             h2 {\n
Action.c(30):                 font-size: 1.8em;\n
Action.c(30):             }\n
Action.c(30):             h3 {\n
Action.c(30):                 font-size: 1.2em;\n
Action.c(30):                 padding: 1em 2em;\n
Action.c(30):                 border: 1px solid brown;\n
Action.c(30):                 color: brown;\n
Action.c(30):                 background-color: rgb(238, 201, 201);\n
Action.c(30):             }\n
Action.c(30):         </style>\n
Action.c(30):     </head>\n
Action.c(30):     <body>\n
Action.c(30):     <h1>Question 1</h1><hr>\n
Action.c(30):     \n
Action.c(30):     <p><b>INPUT[@type=text]</b> field must be filled in with "test" value</p>\n
Action.c(30):     <p><b>INPUT[@type=radio]</b> field must be selected with the longest value</li>\n
Action.c(30):     <p><b>SELECT</b> field must be selected with the longest value</p>\n
Action.c(30):     <h2>Answer</h2>\n
Action.c(30):     \n
Action.c(30):     <form method="POST">\n
Action.c(30):         \n
Action.c(30):         <p><input type="text" name="zD8e0ZWmcPFLinzN"></p>\n
Action.c(30):         \n
Action.c(30):         <p><input type="radio" name="uU70AnHm0jLjNpA7" value="8cmsqG1k">8cmsqG1k &nbsp;&nbsp;&
Action.c(30):     nbsp;<input type="radio" name="uU70AnHm0jLjNpA7" value="F0pLfDlhKn">F0pLfDlhKn &nbsp;&nbsp
Action.c(30):     ;&nbsp;<input type="radio" name="uU70AnHm0jLjNpA7" value="q9wAdMr1IK3Lmha">q9wAdMr1IK3Lmha
Action.c(30):      &nbsp;&nbsp;&nbsp;</p>\n
Action.c(30):         \n
Action.c(30):         <p><input type="radio" name="X3rGFY6QTH1zDJ9I" value="hp2JdIT5f">hp2JdIT5f &nbsp;&nbsp
Action.c(30):     ;&nbsp;<input type="radio" name="X3rGFY6QTH1zDJ9I" value="CvLzwl70Oj">CvLzwl70Oj &nbsp;&nb
Action.c(30):     sp;&nbsp;<input type="radio" name="X3rGFY6QTH1zDJ9I" value="9SeHGRD9UBGJ8s">9SeHGRD9UBGJ8s
Action.c(30):      &nbsp;&nbsp;&nbsp;</p>\n
Action.c(30):         \n
Action.c(30):         <p><input type="text" name="CxUN97c5lUekuIJa"></p>\n
Action.c(30):         \n
Action.c(30):         <p><button type="submit">Submit</button></p>\n
Action.c(30):     </form>\n
Action.c(30):     \n
Action.c(30):     </body>\n
Action.c(30):     </html>\n
Action.c(30):     \n
Action.c(30):     \n
Action.c(30): Notify: Saving Parameter "TextName_1 = zD8e0ZWmcPFLinzN".
Action.c(30): Notify: Saving Parameter "TextName_2 = CxUN97c5lUekuIJa".
Action.c(30): t=2849ms: Request done "http://test.youplace.net/question/1"  	[MsgId: MMSG-26000]
Action.c(30): Registered web_reg_find successful for "Text=Question 1" (count=2)  	[MsgId: MMSG-26364]
Action.c(30): Notify: Saving Parameter "TextName_count = 2".
Action.c(30): web_link("Start test") was successful, 1889 body bytes, 157 header bytes  	[MsgId: MMSG-26386]
Action.c(35): Notify: Parameter Substitution: parameter "TextName_count" =  "2"
Action.c(38): Notify: Parameter Substitution: parameter "TextName_1" =  "zD8e0ZWmcPFLinzN"
Action.c(39): zD8e0ZWmcPFLinzN [Time:2019-11-27 00:05:26]
Action.c(35): Notify: Parameter Substitution: parameter "TextName_count" =  "2"
Action.c(38): Notify: Parameter Substitution: parameter "TextName_2" =  "CxUN97c5lUekuIJa"
Action.c(39): CxUN97c5lUekuIJa [Time:2019-11-27 00:05:29]
Abort was called from an action.
Ending Vuser...
Starting action vuser_end.
Ending action vuser_end.
Vuser Terminated.
Action.c(35): t=13899ms: Closed connection [0] to test.youplace.net:80 after completing 2 request(s)  	[MsgId: MMSG-26000]
HTML-Mode memory management statistics: Reusable=1, NonReusable=0, CsMemBlockSize=4096, checks disabled  	[MsgId: MMSG-26000]
Vuser 0 (thread 22620), ended OK."
